Traceback (most recent call last):
  File "/opt/conda/lib/python3.10/site-packages/jupyter_cache/executors/utils.py", line 51, in single_nb_execution
    executenb(
  File "/opt/conda/lib/python3.10/site-packages/nbclient/client.py", line 1204, in execute
    return NotebookClient(nb=nb, resources=resources, km=km, **kwargs).execute()
  File "/opt/conda/lib/python3.10/site-packages/nbclient/util.py", line 84, in wrapped
    return just_run(coro(*args, **kwargs))
  File "/opt/conda/lib/python3.10/site-packages/nbclient/util.py", line 62, in just_run
    return loop.run_until_complete(coro)
  File "/opt/conda/lib/python3.10/asyncio/base_events.py", line 646, in run_until_complete
    return future.result()
  File "/opt/conda/lib/python3.10/site-packages/nbclient/client.py", line 663, in async_execute
    await self.async_execute_cell(
  File "/opt/conda/lib/python3.10/site-packages/nbclient/client.py", line 965, in async_execute_cell
    await self._check_raise_for_error(cell, cell_index, exec_reply)
  File "/opt/conda/lib/python3.10/site-packages/nbclient/client.py", line 862, in _check_raise_for_error
    raise CellExecutionError.from_cell_and_msg(cell, exec_reply_content)
nbclient.exceptions.CellExecutionError: An error occurred while executing the following cell:
------------------
display(Markdown('<font size="1.2rem">' + FileCodeBox(
    file=appdir + "/testfork.c",  
    number=True,
    title="<b>C: testfork.c",
    h="100%", 
    w="100%"
) + '</font>'))
TermShellCmd("[[ -a testfork ]] && rm testfork;make testfork", cwd=appdir, prompt='', noposttext=True)
TermShellCmd("./testfork", cwd=appdir, noposttext=True)
------------------

[0;31m---------------------------------------------------------------------------[0m
[0;31mTypeError[0m                                 Traceback (most recent call last)
Input [0;32mIn [12][0m, in [0;36m<cell line: 1>[0;34m()[0m
[0;32m----> 1[0m display(Markdown([38;5;124m'[39m[38;5;124m<font size=[39m[38;5;124m"[39m[38;5;124m1.2rem[39m[38;5;124m"[39m[38;5;124m>[39m[38;5;124m'[39m [38;5;241m+[39m [43mFileCodeBox[49m[43m([49m
[1;32m      2[0m [43m    [49m[43mfile[49m[38;5;241;43m=[39;49m[43mappdir[49m[43m [49m[38;5;241;43m+[39;49m[43m [49m[38;5;124;43m"[39;49m[38;5;124;43m/testfork.c[39;49m[38;5;124;43m"[39;49m[43m,[49m[43m  [49m
[1;32m      3[0m [43m    [49m[43mnumber[49m[38;5;241;43m=[39;49m[38;5;28;43;01mTrue[39;49;00m[43m,[49m
[1;32m      4[0m [43m    [49m[43mtitle[49m[38;5;241;43m=[39;49m[38;5;124;43m"[39;49m[38;5;124;43m<b>C: testfork.c[39;49m[38;5;124;43m"[39;49m[43m,[49m
[1;32m      5[0m [43m    [49m[43mh[49m[38;5;241;43m=[39;49m[38;5;124;43m"[39;49m[38;5;124;43m100[39;49m[38;5;124;43m%[39;49m[38;5;124;43m"[39;49m[43m,[49m[43m [49m
[1;32m      6[0m [43m    [49m[43mw[49m[38;5;241;43m=[39;49m[38;5;124;43m"[39;49m[38;5;124;43m100[39;49m[38;5;124;43m%[39;49m[38;5;124;43m"[39;49m
[1;32m      7[0m [43m)[49m [38;5;241m+[39m [38;5;124m'[39m[38;5;124m</font>[39m[38;5;124m'[39m))
[1;32m      8[0m TermShellCmd([38;5;124m"[39m[38;5;124m[[ -a testfork ]] && rm testfork;make testfork[39m[38;5;124m"[39m, cwd[38;5;241m=[39mappdir, prompt[38;5;241m=[39m[38;5;124m'[39m[38;5;124m'[39m, noposttext[38;5;241m=[39m[38;5;28;01mTrue[39;00m)
[1;32m      9[0m TermShellCmd([38;5;124m"[39m[38;5;124m./testfork[39m[38;5;124m"[39m, cwd[38;5;241m=[39mappdir, noposttext[38;5;241m=[39m[38;5;28;01mTrue[39;00m)

[0;31mTypeError[0m: FileCodeBox() missing 1 required positional argument: 'lang'
TypeError: FileCodeBox() missing 1 required positional argument: 'lang'

